\\WFS1\USERS$\MORGAN\MY DOCUMENTS\VISUAL STUDIO 2012\PROJECTS\PROGRAM2\MODERNHELLOWORLD3\DEBUG\BACKGROUND.OBJ
\\WFS1\USERS$\MORGAN\MY DOCUMENTS\VISUAL STUDIO 2012\PROJECTS\PROGRAM2\MODERNHELLOWORLD3\DEBUG\CYLINDER.OBJ
\\WFS1\USERS$\MORGAN\MY DOCUMENTS\VISUAL STUDIO 2012\PROJECTS\PROGRAM2\MODERNHELLOWORLD3\DEBUG\OBJECT.OBJ
\\WFS1\USERS$\MORGAN\MY DOCUMENTS\VISUAL STUDIO 2012\PROJECTS\PROGRAM2\MODERNHELLOWORLD3\DEBUG\SHADER.OBJ
\\WFS1\USERS$\MORGAN\MY DOCUMENTS\VISUAL STUDIO 2012\PROJECTS\PROGRAM2\MODERNHELLOWORLD3\DEBUG\SPHERE.OBJ
\\WFS1\USERS$\MORGAN\MY DOCUMENTS\VISUAL STUDIO 2012\PROJECTS\PROGRAM2\MODERNHELLOWORLD3\DEBUG\STOOL.OBJ
\\WFS1\USERS$\MORGAN\MY DOCUMENTS\VISUAL STUDIO 2012\PROJECTS\PROGRAM2\MODERNHELLOWORLD3\DEBUG\VERTEXATTRIBUTES.OBJ
\\WFS1\USERS$\MORGAN\MY DOCUMENTS\VISUAL STUDIO 2012\PROJECTS\PROGRAM2\MODERNHELLOWORLD3\DEBUG\WORLD.OBJ
\\WFS1\USERS$\MORGAN\MY DOCUMENTS\VISUAL STUDIO 2012\PROJECTS\PROGRAM2\MODERNHELLOWORLD3\DEBUG\VC110.PDB
\\WFS1\USERS$\MORGAN\MY DOCUMENTS\VISUAL STUDIO 2012\PROJECTS\PROGRAM2\MODERNHELLOWORLD3\DEBUG\MAIN.OBJ
\\WFS1\USERS$\MORGAN\MY DOCUMENTS\VISUAL STUDIO 2012\PROJECTS\PROGRAM2\DEBUG\MODERNHELLOWORLD3.ILK
\\WFS1\USERS$\MORGAN\MY DOCUMENTS\VISUAL STUDIO 2012\PROJECTS\PROGRAM2\DEBUG\MODERNHELLOWORLD3.EXE
\\WFS1\USERS$\MORGAN\MY DOCUMENTS\VISUAL STUDIO 2012\PROJECTS\PROGRAM2\DEBUG\MODERNHELLOWORLD3.PDB
\\wfs1\users$\morgan\My Documents\Visual Studio 2012\Projects\Program2\modernHelloWorld3\Debug\background.obj
\\wfs1\users$\morgan\My Documents\Visual Studio 2012\Projects\Program2\modernHelloWorld3\Debug\cylinder.obj
\\wfs1\users$\morgan\My Documents\Visual Studio 2012\Projects\Program2\modernHelloWorld3\Debug\main.obj
\\wfs1\users$\morgan\My Documents\Visual Studio 2012\Projects\Program2\modernHelloWorld3\Debug\object.obj
\\wfs1\users$\morgan\My Documents\Visual Studio 2012\Projects\Program2\modernHelloWorld3\Debug\shader.obj
\\wfs1\users$\morgan\My Documents\Visual Studio 2012\Projects\Program2\modernHelloWorld3\Debug\Sphere.obj
\\wfs1\users$\morgan\My Documents\Visual Studio 2012\Projects\Program2\modernHelloWorld3\Debug\Stool.obj
\\wfs1\users$\morgan\My Documents\Visual Studio 2012\Projects\Program2\modernHelloWorld3\Debug\vertexattributes.obj
\\wfs1\users$\morgan\My Documents\Visual Studio 2012\Projects\Program2\modernHelloWorld3\Debug\world.obj
\\wfs1\users$\morgan\My Documents\Visual Studio 2012\Projects\Program2\modernHelloWorld3\Debug\cl.command.1.tlog
\\wfs1\users$\morgan\My Documents\Visual Studio 2012\Projects\Program2\modernHelloWorld3\Debug\CL.read.1.tlog
\\wfs1\users$\morgan\My Documents\Visual Studio 2012\Projects\Program2\modernHelloWorld3\Debug\CL.write.1.tlog
\\wfs1\users$\morgan\My Documents\Visual Studio 2012\Projects\Program2\modernHelloWorld3\Debug\link-cvtres.read.1.tlog
\\wfs1\users$\morgan\My Documents\Visual Studio 2012\Projects\Program2\modernHelloWorld3\Debug\link-cvtres.write.1.tlog
\\wfs1\users$\morgan\My Documents\Visual Studio 2012\Projects\Program2\modernHelloWorld3\Debug\link-rc.read.1.tlog
\\wfs1\users$\morgan\My Documents\Visual Studio 2012\Projects\Program2\modernHelloWorld3\Debug\link-rc.write.1.tlog
\\wfs1\users$\morgan\My Documents\Visual Studio 2012\Projects\Program2\modernHelloWorld3\Debug\link.command.1.tlog
\\wfs1\users$\morgan\My Documents\Visual Studio 2012\Projects\Program2\modernHelloWorld3\Debug\link.read.1.tlog
\\wfs1\users$\morgan\My Documents\Visual Studio 2012\Projects\Program2\modernHelloWorld3\Debug\link.write.1.tlog
\\wfs1\users$\morgan\My Documents\Visual Studio 2012\Projects\Program2\modernHelloWorld3\Debug\vc110.idb
\\wfs1\users$\morgan\My Documents\Visual Studio 2012\Projects\Program2\modernHelloWorld3\Debug\vc110.pdb
\\wfs1\users$\morgan\My Documents\Visual Studio 2012\Projects\Program2\Debug\modernHelloWorld3.pdb
\\wfs1\users$\morgan\My Documents\Visual Studio 2012\Projects\Program2\Debug\modernHelloWorld3.exe
\\wfs1\users$\morgan\My Documents\Visual Studio 2012\Projects\Program2\Debug\modernHelloWorld3.ilk
